<?xml version="1.0" encoding="UTF-8"?>
<testsuite xmlns:xsi="http://www.w3.org/2001/XMLSchema-instance" xsi:noNamespaceSchemaLocation="https://maven.apache.org/surefire/maven-surefire-plugin/xsd/surefire-test-report.xsd" version="3.0.2" name="com.msb.StudentApplicationTests" time="1.558" tests="1" errors="0" skipped="0" failures="0">
  <properties>
[...]
</properties>
  <testcase name="contextLoads" classname="com.msb.StudentApplicationTests" time="0.465">
    <system-out><![CDATA[16:35:02.574 [main] INFO org.springframework.test.context.support.AnnotationConfigContextLoaderUtils -- Could not detect default configuration classes for test class [com.msb.StudentApplicationTests]: StudentApplicationTests does not declare any static, non-private, non-final, nested classes annotated with @Configuration.
16:35:02.626 [main] INFO org.springframework.boot.test.context.SpringBootTestContextBootstrapper -- Found @SpringBootConfiguration com.msb.StudentApplication for test class com.msb.StudentApplicationTests

  .   ____          _            __ _ _
 /\\ / ___'_ __ _ _(_)_ __  __ _ \ \ \ \
( ( )\___ | '_ | '_| | '_ \/ _` | \ \ \ \
 \\/  ___)| |_)| | | | | || (_| |  ) ) ) )
  '  |____| .__|_| |_|_| |_\__, | / / / /
 =========|_|==============|___/=/_/_/_/

 :: Spring Boot ::                (v3.4.3)

2025-02-26T16:35:02.836+09:00  INFO 11039 --- [student] [           main] com.msb.StudentApplicationTests          : Starting StudentApplicationTests using Java 17.0.14 with PID 11039 (started by r00381 in /Users/r00381/Documents/Study/project/springboot/student)
2025-02-26T16:35:02.837+09:00  INFO 11039 --- [student] [           main] com.msb.StudentApplicationTests          : No active profile set, falling back to 1 default profile: "default"
2025-02-26T16:35:03.543+09:00  INFO 11039 --- [student] [           main] com.msb.StudentApplicationTests          : Started StudentApplicationTests in 0.853 seconds (process running for 1.394)
]]></system-out>
  </testcase>
</testsuite>